{"G:\\github_pro\\koa\\jest\\test1\\dbj.js": {"path":"G:\\github_pro\\koa\\jest\\test1\\dbj.js","statementMap":{"0":{"start":{"line":2,"column":4},"end":{"line":2,"column":36}},"1":{"start":{"line":6,"column":4},"end":{"line":6,"column":37}},"2":{"start":{"line":8,"column":0},"end":{"line":10,"column":1}}},"fnMap":{"0":{"name":"baojian1","decl":{"start":{"line":1,"column":9},"end":{"line":1,"column":17}},"loc":{"start":{"line":1,"column":24},"end":{"line":3,"column":1}},"line":1},"1":{"name":"baojian2","decl":{"start":{"line":5,"column":9},"end":{"line":5,"column":17}},"loc":{"start":{"line":5,"column":24},"end":{"line":7,"column":1}},"line":5}},"branchMap":{"0":{"loc":{"start":{"line":2,"column":11},"end":{"line":2,"column":36}},"type":"cond-expr","locations":[{"start":{"line":2,"column":23},"end":{"line":2,"column":29}},{"start":{"line":2,"column":30},"end":{"line":2,"column":36}}],"line":2},"1":{"loc":{"start":{"line":6,"column":11},"end":{"line":6,"column":37}},"type":"cond-expr","locations":[{"start":{"line":6,"column":24},"end":{"line":6,"column":30}},{"start":{"line":6,"column":31},"end":{"line":6,"column":37}}],"line":6}},"s":{"0":1,"1":1,"2":1},"f":{"0":1,"1":1},"b":{"0":[1,0],"1":[1,0]},"_coverageSchema":"43e27e138ebf9cfc5966b082cf9a028302ed4184","hash":"633a035decc3920c7705231fe24c545bcc735ee3"}
}
